09:59:22 - [INFO] - --- Iniciando Processamento ADA ---
09:59:22 - [INFO] - Processando arquivo: C:\Users\barro\Downloads\O Charme Incompreendido do Brutalismo - Copia.pdf
09:59:22 - [INFO] - Iniciando Análise de Metadados...
09:59:22 - [INFO] - Iniciando Extração de Imagens...
09:59:22 - [INFO] - [SUCESSO] 2 imagens salvas em: C:\Users\barro\Documents\Trabalhos\Projeto_Ada\imagens\O Charme Incompreendido do Brutalismo - Copia
09:59:22 - [INFO] - Iniciando Geração de Resumo com IA Local...
09:59:57 - [INFO] - Gerando Relatório Final Unificado...
09:59:57 - [INFO] - Relatório Markdown salvo com sucesso em: C:\Users\barro\Documents\Trabalhos\Projeto_Ada\Relatorio_O Charme Incompreendido do Brutalismo - Copia.md
10:03:36 - [INFO] - --- Iniciando Processamento ADA ---
10:03:36 - [INFO] - Processando arquivo: c:\Users\barro\Documents\Trabalhos\Projeto_Ada\arquivos_teste\Sistemas de Informação_ O Sistema Nervoso das Organizações Modernas.pdf
10:03:36 - [INFO] - Iniciando Análise de Metadados...
10:03:36 - [INFO] - Iniciando Extração de Imagens...
10:03:36 - [INFO] - [SUCESSO] 1 imagens salvas em: c:\Users\barro\Documents\Trabalhos\Projeto_Ada\imagens\Sistemas de Informação_ O Sistema Nervoso das Organizações Modernas
10:03:36 - [INFO] - Iniciando Geração de Resumo com IA Local...
10:04:03 - [INFO] - Gerando Relatório Final Unificado...
10:04:03 - [INFO] - Relatório Markdown salvo em: c:\Users\barro\Documents\Trabalhos\Projeto_Ada\Relatorio_Sistemas de Informação_ O Sistema Nervoso das Organizações Modernas.md
10:04:10 - [INFO] - --- Iniciando Processamento ADA ---
10:04:10 - [INFO] - Processando arquivo: c:\Users\barro\Documents\Trabalhos\Projeto_Ada\arquivos_teste\Sistemas de Informação_ O Sistema Nervoso das Organizações Modernas.pdf
10:04:10 - [INFO] - Iniciando Análise de Metadados...
10:04:10 - [INFO] - Iniciando Extração de Imagens...
10:04:11 - [INFO] - [SUCESSO] 1 imagens salvas em: c:\Users\barro\Documents\Trabalhos\Projeto_Ada\imagens\Sistemas de Informação_ O Sistema Nervoso das Organizações Modernas
10:04:11 - [INFO] - Iniciando Geração de Resumo com IA Local...
10:04:39 - [INFO] - Gerando Relatório Final Unificado...
10:04:39 - [INFO] - Relatório Markdown salvo em: c:\Users\barro\Documents\Trabalhos\Projeto_Ada\Relatorio_Sistemas de Informação_ O Sistema Nervoso das Organizações Modernas.md
10:09:19 - [INFO] - --- Iniciando Processamento ADA ---
10:09:19 - [INFO] - Processando arquivo: C:\Users\barro\Downloads\O Charme Incompreendido do Brutalismo - Copia.pdf
10:09:19 - [INFO] - Iniciando Análise de Metadados...
10:09:19 - [INFO] - Iniciando Extração de Imagens...
10:09:19 - [INFO] - [SUCESSO] 2 imagens salvas em: C:\Users\barro\Documents\Trabalhos\Projeto_Ada\imagens\O Charme Incompreendido do Brutalismo - Copia
10:09:19 - [INFO] - Iniciando Geração de Resumo com IA Local...
10:09:52 - [INFO] - Gerando Relatório Final Unificado...
10:09:52 - [INFO] - Relatório Markdown salvo em: C:\Users\barro\Documents\Trabalhos\Projeto_Ada\Relatorio_O Charme Incompreendido do Brutalismo - Copia.md
10:22:30 - [INFO] - --- Iniciando Processamento ADA ---
10:22:30 - [INFO] - Processando arquivo: c:\Users\barro\Documents\Trabalhos\Projeto_Ada\arquivos_teste\Sistemas de Informação_ O Sistema Nervoso das Organizações Modernas.pdf
10:22:30 - [INFO] - Iniciando Análise de Metadados...
10:22:30 - [INFO] - Iniciando Extração de Imagens...
10:22:31 - [INFO] - [SUCESSO] 1 imagens salvas em: c:\Users\barro\Documents\Trabalhos\Projeto_Ada\imagens\Sistemas de Informação_ O Sistema Nervoso das Organizações Modernas
10:22:31 - [INFO] - Iniciando Geração de Resumo com IA Local...
10:23:15 - [INFO] - Gerando Relatório Final Unificado...
10:23:15 - [INFO] - Relatório Markdown salvo em: c:\Users\barro\Documents\Trabalhos\Projeto_Ada\Relatorio_Sistemas de Informação_ O Sistema Nervoso das Organizações Modernas.md
